<?xml version="1.0" encoding="UTF-8"?>
<testng-results ignored="0" total="7" passed="7" failed="0" skipped="0">
  <reporter-output>
  </reporter-output>
  <suite started-at="2023-02-20T12:55:07 EST" name="Default suite" finished-at="2023-02-20T12:55:59 EST" duration-ms="52225">
    <groups>
      <group name="cucumber">
        <method signature="AbstractTestNGCucumberTests.runScenario(io.cucumber.testng.PickleWrapper,io.cucumber.testng.FeatureWrapper)[pri:0, instance:cucumberoptions.TestNGTestRunner@5dda768f]" name="runScenario" class="io.cucumber.testng.AbstractTestNGCucumberTests"/>
      </group> <!-- cucumber -->
    </groups>
    <test started-at="2023-02-20T12:55:07 EST" name="Default test" finished-at="2023-02-20T12:55:59 EST" duration-ms="52225">
      <class name="cucumberoptions.TestNGTestRunner">
        <test-method is-config="true" signature="setUpClass(org.testng.ITestContext)[pri:0, instance:cucumberoptions.TestNGTestRunner@5dda768f]" started-at="2023-02-20T12:55:07 EST" name="setUpClass" finished-at="2023-02-20T12:55:09 EST" duration-ms="2361" status="PASS">
          <params>
            <param index="0">
              <value>
                <![CDATA[org.testng.TestRunner@1dc9f5ad]]>
              </value>
            </param>
          </params>
          <reporter-output>
          </reporter-output>
        </test-method> <!-- setUpClass -->
        <test-method signature="runScenario(io.cucumber.testng.PickleWrapper,io.cucumber.testng.FeatureWrapper)[pri:0, instance:cucumberoptions.TestNGTestRunner@5dda768f]" started-at="2023-02-20T12:55:09 EST" name="runScenario" description="Runs Cucumber Scenarios" data-provider="scenarios" finished-at="2023-02-20T12:55:20 EST" duration-ms="10920" status="PASS">
          <params>
            <param index="0">
              <value>
                <![CDATA["Test product list"]]>
              </value>
            </param>
            <param index="1">
              <value>
                <![CDATA["Product List"]]>
              </value>
            </param>
          </params>
          <reporter-output>
          </reporter-output>
        </test-method> <!-- runScenario -->
        <test-method signature="runScenario(io.cucumber.testng.PickleWrapper,io.cucumber.testng.FeatureWrapper)[pri:0, instance:cucumberoptions.TestNGTestRunner@5dda768f]" started-at="2023-02-20T12:55:20 EST" name="runScenario" description="Runs Cucumber Scenarios" data-provider="scenarios" finished-at="2023-02-20T12:55:26 EST" duration-ms="6271" status="PASS">
          <params>
            <param index="0">
              <value>
                <![CDATA["Test product list"]]>
              </value>
            </param>
            <param index="1">
              <value>
                <![CDATA["Product List"]]>
              </value>
            </param>
          </params>
          <reporter-output>
          </reporter-output>
        </test-method> <!-- runScenario -->
        <test-method signature="runScenario(io.cucumber.testng.PickleWrapper,io.cucumber.testng.FeatureWrapper)[pri:0, instance:cucumberoptions.TestNGTestRunner@5dda768f]" started-at="2023-02-20T12:55:27 EST" name="runScenario" description="Runs Cucumber Scenarios" data-provider="scenarios" finished-at="2023-02-20T12:55:33 EST" duration-ms="6585" status="PASS">
          <params>
            <param index="0">
              <value>
                <![CDATA["Test product list"]]>
              </value>
            </param>
            <param index="1">
              <value>
                <![CDATA["Product List"]]>
              </value>
            </param>
          </params>
          <reporter-output>
          </reporter-output>
        </test-method> <!-- runScenario -->
        <test-method signature="runScenario(io.cucumber.testng.PickleWrapper,io.cucumber.testng.FeatureWrapper)[pri:0, instance:cucumberoptions.TestNGTestRunner@5dda768f]" started-at="2023-02-20T12:55:33 EST" name="runScenario" description="Runs Cucumber Scenarios" data-provider="scenarios" finished-at="2023-02-20T12:55:39 EST" duration-ms="6142" status="PASS">
          <params>
            <param index="0">
              <value>
                <![CDATA["Test product list"]]>
              </value>
            </param>
            <param index="1">
              <value>
                <![CDATA["Product List"]]>
              </value>
            </param>
          </params>
          <reporter-output>
          </reporter-output>
        </test-method> <!-- runScenario -->
        <test-method signature="runScenario(io.cucumber.testng.PickleWrapper,io.cucumber.testng.FeatureWrapper)[pri:0, instance:cucumberoptions.TestNGTestRunner@5dda768f]" started-at="2023-02-20T12:55:39 EST" name="runScenario" description="Runs Cucumber Scenarios" data-provider="scenarios" finished-at="2023-02-20T12:55:45 EST" duration-ms="6152" status="PASS">
          <params>
            <param index="0">
              <value>
                <![CDATA["Test product list"]]>
              </value>
            </param>
            <param index="1">
              <value>
                <![CDATA["Product List"]]>
              </value>
            </param>
          </params>
          <reporter-output>
          </reporter-output>
        </test-method> <!-- runScenario -->
        <test-method signature="runScenario(io.cucumber.testng.PickleWrapper,io.cucumber.testng.FeatureWrapper)[pri:0, instance:cucumberoptions.TestNGTestRunner@5dda768f]" started-at="2023-02-20T12:55:45 EST" name="runScenario" description="Runs Cucumber Scenarios" data-provider="scenarios" finished-at="2023-02-20T12:55:52 EST" duration-ms="6233" status="PASS">
          <params>
            <param index="0">
              <value>
                <![CDATA["Test product list"]]>
              </value>
            </param>
            <param index="1">
              <value>
                <![CDATA["Product List"]]>
              </value>
            </param>
          </params>
          <reporter-output>
          </reporter-output>
        </test-method> <!-- runScenario -->
        <test-method signature="runScenario(io.cucumber.testng.PickleWrapper,io.cucumber.testng.FeatureWrapper)[pri:0, instance:cucumberoptions.TestNGTestRunner@5dda768f]" started-at="2023-02-20T12:55:52 EST" name="runScenario" description="Runs Cucumber Scenarios" data-provider="scenarios" finished-at="2023-02-20T12:55:58 EST" duration-ms="6535" status="PASS">
          <params>
            <param index="0">
              <value>
                <![CDATA["Test Aplhabetical filter"]]>
              </value>
            </param>
            <param index="1">
              <value>
                <![CDATA["Product List"]]>
              </value>
            </param>
          </params>
          <reporter-output>
          </reporter-output>
        </test-method> <!-- runScenario -->
        <test-method is-config="true" signature="tearDownClass()[pri:0, instance:cucumberoptions.TestNGTestRunner@5dda768f]" started-at="2023-02-20T12:55:58 EST" name="tearDownClass" finished-at="2023-02-20T12:55:59 EST" duration-ms="909" status="PASS">
          <reporter-output>
          </reporter-output>
        </test-method> <!-- tearDownClass -->
      </class> <!-- cucumberoptions.TestNGTestRunner -->
    </test> <!-- Default test -->
  </suite> <!-- Default suite -->
</testng-results>
