<?xml version="1.0" encoding="UTF-8"?>
<testng-results ignored="0" total="6" passed="6" failed="0" skipped="0">
  <reporter-output>
  </reporter-output>
  <suite started-at="2023-02-23T23:55:10 EST" name="Default suite" finished-at="2023-02-23T23:56:02 EST" duration-ms="51797">
    <groups>
      <group name="cucumber">
        <method signature="AbstractTestNGCucumberTests.runScenario(io.cucumber.testng.PickleWrapper,io.cucumber.testng.FeatureWrapper)[pri:0, instance:cucumberoptions.TestNGTestRunner@5dda768f]" name="runScenario" class="io.cucumber.testng.AbstractTestNGCucumberTests"/>
      </group> <!-- cucumber -->
    </groups>
    <test started-at="2023-02-23T23:55:10 EST" name="Default test" finished-at="2023-02-23T23:56:02 EST" duration-ms="51797">
      <class name="cucumberoptions.TestNGTestRunner">
        <test-method is-config="true" signature="setUpClass(org.testng.ITestContext)[pri:0, instance:cucumberoptions.TestNGTestRunner@5dda768f]" started-at="2023-02-23T23:55:10 EST" name="setUpClass" finished-at="2023-02-23T23:55:12 EST" duration-ms="2493" status="PASS">
          <params>
            <param index="0">
              <value>
                <![CDATA[org.testng.TestRunner@1e482ecd]]>
              </value>
            </param>
          </params>
          <reporter-output>
          </reporter-output>
        </test-method> <!-- setUpClass -->
        <test-method signature="runScenario(io.cucumber.testng.PickleWrapper,io.cucumber.testng.FeatureWrapper)[pri:0, instance:cucumberoptions.TestNGTestRunner@5dda768f]" started-at="2023-02-23T23:55:12 EST" name="runScenario" description="Runs Cucumber Scenarios" data-provider="scenarios" finished-at="2023-02-23T23:55:24 EST" duration-ms="11910" status="PASS">
          <params>
            <param index="0">
              <value>
                <![CDATA["test user checkout"]]>
              </value>
            </param>
            <param index="1">
              <value>
                <![CDATA["checkout products"]]>
              </value>
            </param>
          </params>
          <reporter-output>
          </reporter-output>
        </test-method> <!-- runScenario -->
        <test-method signature="runScenario(io.cucumber.testng.PickleWrapper,io.cucumber.testng.FeatureWrapper)[pri:0, instance:cucumberoptions.TestNGTestRunner@5dda768f]" started-at="2023-02-23T23:55:24 EST" name="runScenario" description="Runs Cucumber Scenarios" data-provider="scenarios" finished-at="2023-02-23T23:55:32 EST" duration-ms="7475" status="PASS">
          <params>
            <param index="0">
              <value>
                <![CDATA["test user checkout"]]>
              </value>
            </param>
            <param index="1">
              <value>
                <![CDATA["checkout products"]]>
              </value>
            </param>
          </params>
          <reporter-output>
          </reporter-output>
        </test-method> <!-- runScenario -->
        <test-method signature="runScenario(io.cucumber.testng.PickleWrapper,io.cucumber.testng.FeatureWrapper)[pri:0, instance:cucumberoptions.TestNGTestRunner@5dda768f]" started-at="2023-02-23T23:55:32 EST" name="runScenario" description="Runs Cucumber Scenarios" data-provider="scenarios" finished-at="2023-02-23T23:55:39 EST" duration-ms="6898" status="PASS">
          <params>
            <param index="0">
              <value>
                <![CDATA["test user checkout"]]>
              </value>
            </param>
            <param index="1">
              <value>
                <![CDATA["checkout products"]]>
              </value>
            </param>
          </params>
          <reporter-output>
          </reporter-output>
        </test-method> <!-- runScenario -->
        <test-method signature="runScenario(io.cucumber.testng.PickleWrapper,io.cucumber.testng.FeatureWrapper)[pri:0, instance:cucumberoptions.TestNGTestRunner@5dda768f]" started-at="2023-02-23T23:55:39 EST" name="runScenario" description="Runs Cucumber Scenarios" data-provider="scenarios" finished-at="2023-02-23T23:55:46 EST" duration-ms="7404" status="PASS">
          <params>
            <param index="0">
              <value>
                <![CDATA["test user checkout"]]>
              </value>
            </param>
            <param index="1">
              <value>
                <![CDATA["checkout products"]]>
              </value>
            </param>
          </params>
          <reporter-output>
          </reporter-output>
        </test-method> <!-- runScenario -->
        <test-method signature="runScenario(io.cucumber.testng.PickleWrapper,io.cucumber.testng.FeatureWrapper)[pri:0, instance:cucumberoptions.TestNGTestRunner@5dda768f]" started-at="2023-02-23T23:55:46 EST" name="runScenario" description="Runs Cucumber Scenarios" data-provider="scenarios" finished-at="2023-02-23T23:55:53 EST" duration-ms="6930" status="PASS">
          <params>
            <param index="0">
              <value>
                <![CDATA["test user checkout"]]>
              </value>
            </param>
            <param index="1">
              <value>
                <![CDATA["checkout products"]]>
              </value>
            </param>
          </params>
          <reporter-output>
          </reporter-output>
        </test-method> <!-- runScenario -->
        <test-method signature="runScenario(io.cucumber.testng.PickleWrapper,io.cucumber.testng.FeatureWrapper)[pri:0, instance:cucumberoptions.TestNGTestRunner@5dda768f]" started-at="2023-02-23T23:55:53 EST" name="runScenario" description="Runs Cucumber Scenarios" data-provider="scenarios" finished-at="2023-02-23T23:56:01 EST" duration-ms="7427" status="PASS">
          <params>
            <param index="0">
              <value>
                <![CDATA["test user checkout"]]>
              </value>
            </param>
            <param index="1">
              <value>
                <![CDATA["checkout products"]]>
              </value>
            </param>
          </params>
          <reporter-output>
          </reporter-output>
        </test-method> <!-- runScenario -->
        <test-method is-config="true" signature="tearDownClass()[pri:0, instance:cucumberoptions.TestNGTestRunner@5dda768f]" started-at="2023-02-23T23:56:01 EST" name="tearDownClass" finished-at="2023-02-23T23:56:02 EST" duration-ms="1121" status="PASS">
          <reporter-output>
          </reporter-output>
        </test-method> <!-- tearDownClass -->
      </class> <!-- cucumberoptions.TestNGTestRunner -->
    </test> <!-- Default test -->
  </suite> <!-- Default suite -->
</testng-results>
